<?xml version="1.0" encoding="utf-8"?>
<shfbBuild product="Sandcastle Help File Builder" version="2014.4.22.0" projectFile="D:\Velmond\School\Telerik\06. High-Quality Programming Code\Homework\HQC-CodeDocumentationAndComments\Telerik.Ils.Common\Documentation\Telerik.Ils.Common.shfbproj" started="19.5.2014 г. 04:25:59 ч.">
<buildStep step="Initializing">
Finding tools...
The Sandcastle tools are located in &#39;C:\Program Files (x86)\EWSoftware\Sandcastle Help File Builder\&#39;
Searching for HTML Help 1 compiler...
Found HTML Help 1 compiler in &#39;C:\Program Files (x86)\HTML Help Workshop\&#39;
Locating components in the following folder(s):
   D:\Velmond\School\Telerik\06. High-Quality Programming Code\Homework\HQC-CodeDocumentationAndComments\Telerik.Ils.Common\Documentation
Using presentation style &#39;VS2005&#39; located in &#39;C:\Program Files (x86)\EWSoftware\Sandcastle Help File Builder\PresentationStyles\VS2005&#39;
</buildStep>
<buildStep step="ClearWorkFolder">
Clearing working folder...
</buildStep>
<buildStep step="ValidatingDocumentationSources">
Validating and copying documentation source information
Source: D:\Velmond\School\Telerik\06. High-Quality Programming Code\Homework\HQC-CodeDocumentationAndComments\Telerik.Ils.Common\bin\Release\Telerik.Ils.Common.vshost.exe
    Found assembly &#39;D:\Velmond\School\Telerik\06. High-Quality Programming Code\Homework\HQC-CodeDocumentationAndComments\Telerik.Ils.Common\bin\Release\Telerik.Ils.Common.vshost.exe&#39;
Source: D:\Velmond\School\Telerik\06. High-Quality Programming Code\Homework\HQC-CodeDocumentationAndComments\Telerik.Ils.Common\Telerik.Ils.Common.xml

Copying XML comments files
    D:\Velmond\School\Telerik\06. High-Quality Programming Code\Homework\HQC-CodeDocumentationAndComments\Telerik.Ils.Common\Telerik.Ils.Common.xml -&gt; D:\Velmond\School\Telerik\06. High-Quality Programming Code\Homework\HQC-CodeDocumentationAndComments\Telerik.Ils.Common\Documentation\Help\Working\Telerik.Ils.Common.xml
</buildStep>
<buildStep step="GenerateSharedContent">
Generating shared content files (en-US, English (United States))...
    Last step completed in 00:00:00.0150
</buildStep>
<buildStep step="GenerateApiFilter">
Generating API filter for MRefBuilder...
    Last step completed in 00:00:00.0050
</buildStep>
<buildStep step="GenerateReflectionInfo">
Generating reflection information...
[C:\Windows\Microsoft.NET\Framework64\v4.0.30319\MSBuild.exe]
Build started 19.5.2014 Ј. 04:26:01 з..
Project &quot;D:\Velmond\School\Telerik\06. High-Quality Programming Code\Homework\HQC-CodeDocumentationAndComments\Telerik.Ils.Common\Documentation\Help\Working\GenerateRefInfo.proj&quot; on node 1 (default targets).
PrepareForBuild:
  Creating directory &quot;obj\Debug\&quot;.
GenerateRefInfo:
  MRefBuilder (v2014.1.26.0)
  Copyright c 2006-2014, Microsoft Corporation, All Rights Reserved.
  Portions Copyright c 2006-2014, Eric Woodruff, All Rights Reserved.
  Loaded 1 assemblies for reflection and 1 dependency assemblies.
  Wrote information on 1 namespaces, 1 types, and 1 members
  Copying file from &quot;reflection.org&quot; to &quot;reflection.all&quot;.
  XslTransform (v2014.1.26.0)
  Copyright c 2006-2014, Microsoft Corporation, All Rights Reserved.
  Portions Copyright c 2006-2014, Eric Woodruff, All Rights Reserved.
  Applying XSL transformation &#39;C:\Program Files (x86)\EWSoftware\Sandcastle Help File Builder\ProductionTransforms\MergeDuplicates.xsl&#39;.
Done Building Project &quot;D:\Velmond\School\Telerik\06. High-Quality Programming Code\Homework\HQC-CodeDocumentationAndComments\Telerik.Ils.Common\Documentation\Help\Working\GenerateRefInfo.proj&quot; (default targets).

Build succeeded.

Time Elapsed 00:00:04.87
    Last step completed in 00:00:05.1913
</buildStep>
<buildStep step="TransformReflectionInfo">
Transforming reflection output...
[C:\Windows\Microsoft.NET\Framework64\v4.0.30319\MSBuild.exe]
Build started 19.5.2014 Ј. 04:26:06 з..
Project &quot;D:\Velmond\School\Telerik\06. High-Quality Programming Code\Homework\HQC-CodeDocumentationAndComments\Telerik.Ils.Common\Documentation\Help\Working\TransformManifest.proj&quot; on node 1 (default targets).
TransformManifest:
  XslTransform (v2014.1.26.0)
  Copyright c 2006-2014, Microsoft Corporation, All Rights Reserved.
  Portions Copyright c 2006-2014, Eric Woodruff, All Rights Reserved.
  Applying XSL transformation &#39;C:\Program Files (x86)\EWSoftware\Sandcastle Help File Builder\\ProductionTransforms\ApplyVSDocModel.xsl&#39;.
  Copying file from &quot;reflection.xml&quot; to &quot;reflection.nofilenames&quot;.
  XslTransform (v2014.1.26.0)
  Copyright c 2006-2014, Microsoft Corporation, All Rights Reserved.
  Portions Copyright c 2006-2014, Eric Woodruff, All Rights Reserved.
  Applying XSL transformation &#39;C:\Program Files (x86)\EWSoftware\Sandcastle Help File Builder\ProductionTransforms\AddFilenames.xsl&#39;.
  XslTransform (v2014.1.26.0)
  Copyright c 2006-2014, Microsoft Corporation, All Rights Reserved.
  Portions Copyright c 2006-2014, Eric Woodruff, All Rights Reserved.
  Applying XSL transformation &#39;C:\Program Files (x86)\EWSoftware\Sandcastle Help File Builder\ProductionTransforms\ReflectionToManifest.xsl&#39;.
Done Building Project &quot;D:\Velmond\School\Telerik\06. High-Quality Programming Code\Homework\HQC-CodeDocumentationAndComments\Telerik.Ils.Common\Documentation\Help\Working\TransformManifest.proj&quot; (default targets).

Build succeeded.

Time Elapsed 00:00:04.19
    Last step completed in 00:00:04.6273
</buildStep>
<buildStep step="GenerateNamespaceSummaries">
Generating namespace summary information...
    Last step completed in 00:00:00.1820
</buildStep>
<buildStep step="CopyAdditionalContent">
Copying additional content files...
No additional content to copy
    Last step completed in 00:00:00.0150
</buildStep>
<buildStep step="MergeTablesOfContents">
Merging conceptual and additional tables of contents...
    Last step completed in 00:00:00.0090
</buildStep>
<buildStep step="GenerateIntermediateTableOfContents">
Generating intermediate table of contents file...
[C:\Windows\Microsoft.NET\Framework64\v4.0.30319\MSBuild.exe]
Build started 19.5.2014 Ј. 04:26:11 з..
Project &quot;D:\Velmond\School\Telerik\06. High-Quality Programming Code\Homework\HQC-CodeDocumentationAndComments\Telerik.Ils.Common\Documentation\Help\Working\GenerateIntermediateTOC.proj&quot; on node 1 (default targets).
GenerateIntermediateTOC:
  XslTransform (v2014.1.26.0)
  Copyright c 2006-2014, Microsoft Corporation, All Rights Reserved.
  Portions Copyright c 2006-2014, Eric Woodruff, All Rights Reserved.
  Applying XSL transformation &#39;C:\Program Files (x86)\EWSoftware\Sandcastle Help File Builder\\ProductionTransforms\CreateVSToc.xsl&#39;.
Done Building Project &quot;D:\Velmond\School\Telerik\06. High-Quality Programming Code\Homework\HQC-CodeDocumentationAndComments\Telerik.Ils.Common\Documentation\Help\Working\GenerateIntermediateTOC.proj&quot; (default targets).

Build succeeded.

Time Elapsed 00:00:01.12
Generating conceptual content intermediate TOC file...
    Last step completed in 00:00:01.4361
</buildStep>
<buildStep step="CreateBuildAssemblerConfigs">
Creating Sandcastle configuration files...
    sandcastle.config
    Last step completed in 00:00:00.6010
</buildStep>
<buildStep step="MergeCustomConfigs">
Merging custom build component configurations
D:\Velmond\School\Telerik\06. High-Quality Programming Code\Homework\HQC-CodeDocumentationAndComments\Telerik.Ils.Common\Documentation\Help\Working\sandcastle.config
    Last step completed in 00:00:00.1840
</buildStep>
<buildStep step="BuildReferenceTopics">
Building reference help topics...
[C:\Windows\Microsoft.NET\Framework64\v4.0.30319\MSBuild.exe]
Build started 19.5.2014 Ј. 04:26:13 з..
Project &quot;D:\Velmond\School\Telerik\06. High-Quality Programming Code\Homework\HQC-CodeDocumentationAndComments\Telerik.Ils.Common\Documentation\Help\Working\BuildReferenceTopics.proj&quot; on node 1 (default targets).
BuildReferenceTopics:
  BuildAssembler (v2014.1.26.0)
  Copyright c 2006-2014, Microsoft Corporation, All Rights Reserved.
  Portions Copyright c 2006-2014, Eric Woodruff, All Rights Reserved.
  Loading configuration...
  Processing topics...
BuildAssembler : warning : ShowMissingComponent: [N:Microsoft.VisualStudio.HostingProcess] Missing &lt;summary&gt; documentation [D:\Velmond\School\Telerik\06. High-Quality Programming Code\Homework\HQC-CodeDocumentationAndComments\Telerik.Ils.Common\Documentation\Help\Working\BuildReferenceTopics.proj]
BuildAssembler : warning : ShowMissingComponent: [T:Microsoft.VisualStudio.HostingProcess.EntryPoint] Missing &lt;summary&gt; documentation [D:\Velmond\School\Telerik\06. High-Quality Programming Code\Homework\HQC-CodeDocumentationAndComments\Telerik.Ils.Common\Documentation\Help\Working\BuildReferenceTopics.proj]
BuildAssembler : warning : ResolveReferenceLinksComponent: [T:Microsoft.VisualStudio.HostingProcess.EntryPoint] MSDN URL not found for target &#39;T:System.Object&#39;. [D:\Velmond\School\Telerik\06. High-Quality Programming Code\Homework\HQC-CodeDocumentationAndComments\Telerik.Ils.Common\Documentation\Help\Working\BuildReferenceTopics.proj]
BuildAssembler : warning : ResolveReferenceLinksComponent: [AllMembers.T:Microsoft.VisualStudio.HostingProcess.EntryPoint] MSDN URL not found for target &#39;M:System.Object.Equals(System.Object)&#39;. [D:\Velmond\School\Telerik\06. High-Quality Programming Code\Homework\HQC-CodeDocumentationAndComments\Telerik.Ils.Common\Documentation\Help\Working\BuildReferenceTopics.proj]
BuildAssembler : warning : ResolveReferenceLinksComponent: [AllMembers.T:Microsoft.VisualStudio.HostingProcess.EntryPoint] MSDN URL not found for target &#39;T:System.Object&#39;. [D:\Velmond\School\Telerik\06. High-Quality Programming Code\Homework\HQC-CodeDocumentationAndComments\Telerik.Ils.Common\Documentation\Help\Working\BuildReferenceTopics.proj]
BuildAssembler : warning : ResolveReferenceLinksComponent: [AllMembers.T:Microsoft.VisualStudio.HostingProcess.EntryPoint] MSDN URL not found for target &#39;T:System.Object&#39;. [D:\Velmond\School\Telerik\06. High-Quality Programming Code\Homework\HQC-CodeDocumentationAndComments\Telerik.Ils.Common\Documentation\Help\Working\BuildReferenceTopics.proj]
BuildAssembler : warning : ResolveReferenceLinksComponent: [AllMembers.T:Microsoft.VisualStudio.HostingProcess.EntryPoint] MSDN URL not found for target &#39;T:System.Object&#39;. [D:\Velmond\School\Telerik\06. High-Quality Programming Code\Homework\HQC-CodeDocumentationAndComments\Telerik.Ils.Common\Documentation\Help\Working\BuildReferenceTopics.proj]
BuildAssembler : warning : ResolveReferenceLinksComponent: [AllMembers.T:Microsoft.VisualStudio.HostingProcess.EntryPoint] MSDN URL not found for target &#39;M:System.Object.GetHashCode&#39;. [D:\Velmond\School\Telerik\06. High-Quality Programming Code\Homework\HQC-CodeDocumentationAndComments\Telerik.Ils.Common\Documentation\Help\Working\BuildReferenceTopics.proj]
BuildAssembler : warning : ResolveReferenceLinksComponent: [AllMembers.T:Microsoft.VisualStudio.HostingProcess.EntryPoint] MSDN URL not found for target &#39;T:System.Object&#39;. [D:\Velmond\School\Telerik\06. High-Quality Programming Code\Homework\HQC-CodeDocumentationAndComments\Telerik.Ils.Common\Documentation\Help\Working\BuildReferenceTopics.proj]
BuildAssembler : warning : ResolveReferenceLinksComponent: [AllMembers.T:Microsoft.VisualStudio.HostingProcess.EntryPoint] MSDN URL not found for target &#39;M:System.Object.GetType&#39;. [D:\Velmond\School\Telerik\06. High-Quality Programming Code\Homework\HQC-CodeDocumentationAndComments\Telerik.Ils.Common\Documentation\Help\Working\BuildReferenceTopics.proj]
BuildAssembler : warning : ResolveReferenceLinksComponent: [AllMembers.T:Microsoft.VisualStudio.HostingProcess.EntryPoint] MSDN URL not found for target &#39;T:System.Type&#39;. [D:\Velmond\School\Telerik\06. High-Quality Programming Code\Homework\HQC-CodeDocumentationAndComments\Telerik.Ils.Common\Documentation\Help\Working\BuildReferenceTopics.proj]
BuildAssembler : warning : ResolveReferenceLinksComponent: [AllMembers.T:Microsoft.VisualStudio.HostingProcess.EntryPoint] MSDN URL not found for target &#39;T:System.Object&#39;. [D:\Velmond\School\Telerik\06. High-Quality Programming Code\Homework\HQC-CodeDocumentationAndComments\Telerik.Ils.Common\Documentation\Help\Working\BuildReferenceTopics.proj]
BuildAssembler : warning : ResolveReferenceLinksComponent: [AllMembers.T:Microsoft.VisualStudio.HostingProcess.EntryPoint] MSDN URL not found for target &#39;M:System.Object.ToString&#39;. [D:\Velmond\School\Telerik\06. High-Quality Programming Code\Homework\HQC-CodeDocumentationAndComments\Telerik.Ils.Common\Documentation\Help\Working\BuildReferenceTopics.proj]
BuildAssembler : warning : ResolveReferenceLinksComponent: [AllMembers.T:Microsoft.VisualStudio.HostingProcess.EntryPoint] MSDN URL not found for target &#39;T:System.Object&#39;. [D:\Velmond\School\Telerik\06. High-Quality Programming Code\Homework\HQC-CodeDocumentationAndComments\Telerik.Ils.Common\Documentation\Help\Working\BuildReferenceTopics.proj]
BuildAssembler : warning : ResolveReferenceLinksComponent: [Methods.T:Microsoft.VisualStudio.HostingProcess.EntryPoint] MSDN URL not found for target &#39;M:System.Object.Equals(System.Object)&#39;. [D:\Velmond\School\Telerik\06. High-Quality Programming Code\Homework\HQC-CodeDocumentationAndComments\Telerik.Ils.Common\Documentation\Help\Working\BuildReferenceTopics.proj]
BuildAssembler : warning : ResolveReferenceLinksComponent: [Methods.T:Microsoft.VisualStudio.HostingProcess.EntryPoint] MSDN URL not found for target &#39;T:System.Object&#39;. [D:\Velmond\School\Telerik\06. High-Quality Programming Code\Homework\HQC-CodeDocumentationAndComments\Telerik.Ils.Common\Documentation\Help\Working\BuildReferenceTopics.proj]
BuildAssembler : warning : ResolveReferenceLinksComponent: [Methods.T:Microsoft.VisualStudio.HostingProcess.EntryPoint] MSDN URL not found for target &#39;T:System.Object&#39;. [D:\Velmond\School\Telerik\06. High-Quality Programming Code\Homework\HQC-CodeDocumentationAndComments\Telerik.Ils.Common\Documentation\Help\Working\BuildReferenceTopics.proj]
BuildAssembler : warning : ResolveReferenceLinksComponent: [Methods.T:Microsoft.VisualStudio.HostingProcess.EntryPoint] MSDN URL not found for target &#39;T:System.Object&#39;. [D:\Velmond\School\Telerik\06. High-Quality Programming Code\Homework\HQC-CodeDocumentationAndComments\Telerik.Ils.Common\Documentation\Help\Working\BuildReferenceTopics.proj]
BuildAssembler : warning : ResolveReferenceLinksComponent: [Methods.T:Microsoft.VisualStudio.HostingProcess.EntryPoint] MSDN URL not found for target &#39;M:System.Object.GetHashCode&#39;. [D:\Velmond\School\Telerik\06. High-Quality Programming Code\Homework\HQC-CodeDocumentationAndComments\Telerik.Ils.Common\Documentation\Help\Working\BuildReferenceTopics.proj]
BuildAssembler : warning : ResolveReferenceLinksComponent: [Methods.T:Microsoft.VisualStudio.HostingProcess.EntryPoint] MSDN URL not found for target &#39;T:System.Object&#39;. [D:\Velmond\School\Telerik\06. High-Quality Programming Code\Homework\HQC-CodeDocumentationAndComments\Telerik.Ils.Common\Documentation\Help\Working\BuildReferenceTopics.proj]
BuildAssembler : warning : ResolveReferenceLinksComponent: [Methods.T:Microsoft.VisualStudio.HostingProcess.EntryPoint] MSDN URL not found for target &#39;M:System.Object.GetType&#39;. [D:\Velmond\School\Telerik\06. High-Quality Programming Code\Homework\HQC-CodeDocumentationAndComments\Telerik.Ils.Common\Documentation\Help\Working\BuildReferenceTopics.proj]
BuildAssembler : warning : ResolveReferenceLinksComponent: [Methods.T:Microsoft.VisualStudio.HostingProcess.EntryPoint] MSDN URL not found for target &#39;T:System.Type&#39;. [D:\Velmond\School\Telerik\06. High-Quality Programming Code\Homework\HQC-CodeDocumentationAndComments\Telerik.Ils.Common\Documentation\Help\Working\BuildReferenceTopics.proj]
BuildAssembler : warning : ResolveReferenceLinksComponent: [Methods.T:Microsoft.VisualStudio.HostingProcess.EntryPoint] MSDN URL not found for target &#39;T:System.Object&#39;. [D:\Velmond\School\Telerik\06. High-Quality Programming Code\Homework\HQC-CodeDocumentationAndComments\Telerik.Ils.Common\Documentation\Help\Working\BuildReferenceTopics.proj]
BuildAssembler : warning : ResolveReferenceLinksComponent: [Methods.T:Microsoft.VisualStudio.HostingProcess.EntryPoint] MSDN URL not found for target &#39;M:System.Object.ToString&#39;. [D:\Velmond\School\Telerik\06. High-Quality Programming Code\Homework\HQC-CodeDocumentationAndComments\Telerik.Ils.Common\Documentation\Help\Working\BuildReferenceTopics.proj]
BuildAssembler : warning : ResolveReferenceLinksComponent: [Methods.T:Microsoft.VisualStudio.HostingProcess.EntryPoint] MSDN URL not found for target &#39;T:System.Object&#39;. [D:\Velmond\School\Telerik\06. High-Quality Programming Code\Homework\HQC-CodeDocumentationAndComments\Telerik.Ils.Common\Documentation\Help\Working\BuildReferenceTopics.proj]
BuildAssembler : warning : ShowMissingComponent: [M:Microsoft.VisualStudio.HostingProcess.EntryPoint.Main] Missing &lt;summary&gt; documentation [D:\Velmond\School\Telerik\06. High-Quality Programming Code\Homework\HQC-CodeDocumentationAndComments\Telerik.Ils.Common\Documentation\Help\Working\BuildReferenceTopics.proj]
  Processed 5 topic(s)
  26 warning(s)
  CopyFromIndexComponent: &quot;reflection&quot; in-memory cache entries used: 1 of 15.
  CopyFromIndexComponent: &quot;comments&quot; in-memory cache entries used: 2 of 30.
Done Building Project &quot;D:\Velmond\School\Telerik\06. High-Quality Programming Code\Homework\HQC-CodeDocumentationAndComments\Telerik.Ils.Common\Documentation\Help\Working\BuildReferenceTopics.proj&quot; (default targets).

Build succeeded.

Time Elapsed 00:01:01.27
    Last step completed in 00:01:01.6905
</buildStep>
<buildStep step="CombiningIntermediateTocFiles">
Combining conceptual and API intermediate TOC files...
    Last step completed in 00:00:00.0080
</buildStep>
<buildStep step="ExtractingHtmlInfo">
Extracting HTML info for HTML Help 1 and/or website...
[C:\Windows\Microsoft.NET\Framework64\v4.0.30319\MSBuild.exe]
Sandcastle Help File Builder, version 2014.4.22.0
Copyright c 2006-2014, Eric Woodruff, All Rights Reserved
E-Mail: Eric@EWoodruff.us

Using LCID &#39;1033&#39;, code page &#39;65001&#39;, encoding charset &#39;UTF-8&#39;.

Processing Help 1 files in D:\Velmond\School\Telerik\06. High-Quality Programming Code\Homework\HQC-CodeDocumentationAndComments\Telerik.Ils.Common\Documentation\Help\Working\Output\HtmlHelp1
Processed 5 HTML files
Sorting keywords and generating See Also indices
Saving HTML Help 1 keyword index to D:\Velmond\School\Telerik\06. High-Quality Programming Code\Homework\HQC-CodeDocumentationAndComments\Telerik.Ils.Common\Documentation\Help\Working\Documentation.hhk
Saving HTML Help 1 table of contents to D:\Velmond\School\Telerik\06. High-Quality Programming Code\Homework\HQC-CodeDocumentationAndComments\Telerik.Ils.Common\Documentation\Help\Working\Documentation.hhc
    Last step completed in 00:00:01.5831
</buildStep>
<buildStep step="CopyStandardHelpContent">
Copying standard help content...
C:\Program Files (x86)\EWSoftware\Sandcastle Help File Builder\PresentationStyles\VS2005\icons\adm.gif -&gt; D:\Velmond\School\Telerik\06. High-Quality Programming Code\Homework\HQC-CodeDocumentationAndComments\Telerik.Ils.Common\Documentation\Help\Working\Output\HtmlHelp1\icons\adm.gif
C:\Program Files (x86)\EWSoftware\Sandcastle Help File Builder\PresentationStyles\VS2005\icons\adm_arch.gif -&gt; D:\Velmond\School\Telerik\06. High-Quality Programming Code\Homework\HQC-CodeDocumentationAndComments\Telerik.Ils.Common\Documentation\Help\Working\Output\HtmlHelp1\icons\adm_arch.gif
C:\Program Files (x86)\EWSoftware\Sandcastle Help File Builder\PresentationStyles\VS2005\icons\adm_dev.gif -&gt; D:\Velmond\School\Telerik\06. High-Quality Programming Code\Homework\HQC-CodeDocumentationAndComments\Telerik.Ils.Common\Documentation\Help\Working\Output\HtmlHelp1\icons\adm_dev.gif
C:\Program Files (x86)\EWSoftware\Sandcastle Help File Builder\PresentationStyles\VS2005\icons\adm_dev_arch.gif -&gt; D:\Velmond\School\Telerik\06. High-Quality Programming Code\Homework\HQC-CodeDocumentationAndComments\Telerik.Ils.Common\Documentation\Help\Working\Output\HtmlHelp1\icons\adm_dev_arch.gif
C:\Program Files (x86)\EWSoftware\Sandcastle Help File Builder\PresentationStyles\VS2005\icons\alert_caution.gif -&gt; D:\Velmond\School\Telerik\06. High-Quality Programming Code\Homework\HQC-CodeDocumentationAndComments\Telerik.Ils.Common\Documentation\Help\Working\Output\HtmlHelp1\icons\alert_caution.gif
C:\Program Files (x86)\EWSoftware\Sandcastle Help File Builder\PresentationStyles\VS2005\icons\alert_note.gif -&gt; D:\Velmond\School\Telerik\06. High-Quality Programming Code\Homework\HQC-CodeDocumentationAndComments\Telerik.Ils.Common\Documentation\Help\Working\Output\HtmlHelp1\icons\alert_note.gif
C:\Program Files (x86)\EWSoftware\Sandcastle Help File Builder\PresentationStyles\VS2005\icons\alert_security.gif -&gt; D:\Velmond\School\Telerik\06. High-Quality Programming Code\Homework\HQC-CodeDocumentationAndComments\Telerik.Ils.Common\Documentation\Help\Working\Output\HtmlHelp1\icons\alert_security.gif
C:\Program Files (x86)\EWSoftware\Sandcastle Help File Builder\PresentationStyles\VS2005\icons\arch.gif -&gt; D:\Velmond\School\Telerik\06. High-Quality Programming Code\Homework\HQC-CodeDocumentationAndComments\Telerik.Ils.Common\Documentation\Help\Working\Output\HtmlHelp1\icons\arch.gif
C:\Program Files (x86)\EWSoftware\Sandcastle Help File Builder\PresentationStyles\VS2005\icons\big_adm.gif -&gt; D:\Velmond\School\Telerik\06. High-Quality Programming Code\Homework\HQC-CodeDocumentationAndComments\Telerik.Ils.Common\Documentation\Help\Working\Output\HtmlHelp1\icons\big_adm.gif
C:\Program Files (x86)\EWSoftware\Sandcastle Help File Builder\PresentationStyles\VS2005\icons\big_arch.gif -&gt; D:\Velmond\School\Telerik\06. High-Quality Programming Code\Homework\HQC-CodeDocumentationAndComments\Telerik.Ils.Common\Documentation\Help\Working\Output\HtmlHelp1\icons\big_arch.gif
C:\Program Files (x86)\EWSoftware\Sandcastle Help File Builder\PresentationStyles\VS2005\icons\big_dev.gif -&gt; D:\Velmond\School\Telerik\06. High-Quality Programming Code\Homework\HQC-CodeDocumentationAndComments\Telerik.Ils.Common\Documentation\Help\Working\Output\HtmlHelp1\icons\big_dev.gif
C:\Program Files (x86)\EWSoftware\Sandcastle Help File Builder\PresentationStyles\VS2005\icons\big_kw.gif -&gt; D:\Velmond\School\Telerik\06. High-Quality Programming Code\Homework\HQC-CodeDocumentationAndComments\Telerik.Ils.Common\Documentation\Help\Working\Output\HtmlHelp1\icons\big_kw.gif
C:\Program Files (x86)\EWSoftware\Sandcastle Help File Builder\PresentationStyles\VS2005\icons\box.gif -&gt; D:\Velmond\School\Telerik\06. High-Quality Programming Code\Homework\HQC-CodeDocumentationAndComments\Telerik.Ils.Common\Documentation\Help\Working\Output\HtmlHelp1\icons\box.gif
C:\Program Files (x86)\EWSoftware\Sandcastle Help File Builder\PresentationStyles\VS2005\icons\Caution.gif -&gt; D:\Velmond\School\Telerik\06. High-Quality Programming Code\Homework\HQC-CodeDocumentationAndComments\Telerik.Ils.Common\Documentation\Help\Working\Output\HtmlHelp1\icons\Caution.gif
C:\Program Files (x86)\EWSoftware\Sandcastle Help File Builder\PresentationStyles\VS2005\icons\CFW.gif -&gt; D:\Velmond\School\Telerik\06. High-Quality Programming Code\Homework\HQC-CodeDocumentationAndComments\Telerik.Ils.Common\Documentation\Help\Working\Output\HtmlHelp1\icons\CFW.gif
C:\Program Files (x86)\EWSoftware\Sandcastle Help File Builder\PresentationStyles\VS2005\icons\collall.gif -&gt; D:\Velmond\School\Telerik\06. High-Quality Programming Code\Homework\HQC-CodeDocumentationAndComments\Telerik.Ils.Common\Documentation\Help\Working\Output\HtmlHelp1\icons\collall.gif
C:\Program Files (x86)\EWSoftware\Sandcastle Help File Builder\PresentationStyles\VS2005\icons\collapse.gif -&gt; D:\Velmond\School\Telerik\06. High-Quality Programming Code\Homework\HQC-CodeDocumentationAndComments\Telerik.Ils.Common\Documentation\Help\Working\Output\HtmlHelp1\icons\collapse.gif
C:\Program Files (x86)\EWSoftware\Sandcastle Help File Builder\PresentationStyles\VS2005\icons\collapse_all.gif -&gt; D:\Velmond\School\Telerik\06. High-Quality Programming Code\Homework\HQC-CodeDocumentationAndComments\Telerik.Ils.Common\Documentation\Help\Working\Output\HtmlHelp1\icons\collapse_all.gif
C:\Program Files (x86)\EWSoftware\Sandcastle Help File Builder\PresentationStyles\VS2005\icons\copycode.gif -&gt; D:\Velmond\School\Telerik\06. High-Quality Programming Code\Homework\HQC-CodeDocumentationAndComments\Telerik.Ils.Common\Documentation\Help\Working\Output\HtmlHelp1\icons\copycode.gif
C:\Program Files (x86)\EWSoftware\Sandcastle Help File Builder\PresentationStyles\VS2005\icons\copycodeHighlight.gif -&gt; D:\Velmond\School\Telerik\06. High-Quality Programming Code\Homework\HQC-CodeDocumentationAndComments\Telerik.Ils.Common\Documentation\Help\Working\Output\HtmlHelp1\icons\copycodeHighlight.gif
C:\Program Files (x86)\EWSoftware\Sandcastle Help File Builder\PresentationStyles\VS2005\icons\dev.gif -&gt; D:\Velmond\School\Telerik\06. High-Quality Programming Code\Homework\HQC-CodeDocumentationAndComments\Telerik.Ils.Common\Documentation\Help\Working\Output\HtmlHelp1\icons\dev.gif
C:\Program Files (x86)\EWSoftware\Sandcastle Help File Builder\PresentationStyles\VS2005\icons\dev_arch.gif -&gt; D:\Velmond\School\Telerik\06. High-Quality Programming Code\Homework\HQC-CodeDocumentationAndComments\Telerik.Ils.Common\Documentation\Help\Working\Output\HtmlHelp1\icons\dev_arch.gif
C:\Program Files (x86)\EWSoftware\Sandcastle Help File Builder\PresentationStyles\VS2005\icons\dropdown.gif -&gt; D:\Velmond\School\Telerik\06. High-Quality Programming Code\Homework\HQC-CodeDocumentationAndComments\Telerik.Ils.Common\Documentation\Help\Working\Output\HtmlHelp1\icons\dropdown.gif
C:\Program Files (x86)\EWSoftware\Sandcastle Help File Builder\PresentationStyles\VS2005\icons\dropdownHover.gif -&gt; D:\Velmond\School\Telerik\06. High-Quality Programming Code\Homework\HQC-CodeDocumentationAndComments\Telerik.Ils.Common\Documentation\Help\Working\Output\HtmlHelp1\icons\dropdownHover.gif
C:\Program Files (x86)\EWSoftware\Sandcastle Help File Builder\PresentationStyles\VS2005\icons\drpdown.gif -&gt; D:\Velmond\School\Telerik\06. High-Quality Programming Code\Homework\HQC-CodeDocumentationAndComments\Telerik.Ils.Common\Documentation\Help\Working\Output\HtmlHelp1\icons\drpdown.gif
C:\Program Files (x86)\EWSoftware\Sandcastle Help File Builder\PresentationStyles\VS2005\icons\drpdown_orange.gif -&gt; D:\Velmond\School\Telerik\06. High-Quality Programming Code\Homework\HQC-CodeDocumentationAndComments\Telerik.Ils.Common\Documentation\Help\Working\Output\HtmlHelp1\icons\drpdown_orange.gif
C:\Program Files (x86)\EWSoftware\Sandcastle Help File Builder\PresentationStyles\VS2005\icons\drpdown_orange_up.gif -&gt; D:\Velmond\School\Telerik\06. High-Quality Programming Code\Homework\HQC-CodeDocumentationAndComments\Telerik.Ils.Common\Documentation\Help\Working\Output\HtmlHelp1\icons\drpdown_orange_up.gif
C:\Program Files (x86)\EWSoftware\Sandcastle Help File Builder\PresentationStyles\VS2005\icons\drpup.gif -&gt; D:\Velmond\School\Telerik\06. High-Quality Programming Code\Homework\HQC-CodeDocumentationAndComments\Telerik.Ils.Common\Documentation\Help\Working\Output\HtmlHelp1\icons\drpup.gif
C:\Program Files (x86)\EWSoftware\Sandcastle Help File Builder\PresentationStyles\VS2005\icons\exp.gif -&gt; D:\Velmond\School\Telerik\06. High-Quality Programming Code\Homework\HQC-CodeDocumentationAndComments\Telerik.Ils.Common\Documentation\Help\Working\Output\HtmlHelp1\icons\exp.gif
C:\Program Files (x86)\EWSoftware\Sandcastle Help File Builder\PresentationStyles\VS2005\icons\expall.gif -&gt; D:\Velmond\School\Telerik\06. High-Quality Programming Code\Homework\HQC-CodeDocumentationAndComments\Telerik.Ils.Common\Documentation\Help\Working\Output\HtmlHelp1\icons\expall.gif
C:\Program Files (x86)\EWSoftware\Sandcastle Help File Builder\PresentationStyles\VS2005\icons\expand_all.gif -&gt; D:\Velmond\School\Telerik\06. High-Quality Programming Code\Homework\HQC-CodeDocumentationAndComments\Telerik.Ils.Common\Documentation\Help\Working\Output\HtmlHelp1\icons\expand_all.gif
C:\Program Files (x86)\EWSoftware\Sandcastle Help File Builder\PresentationStyles\VS2005\icons\filter1a.gif -&gt; D:\Velmond\School\Telerik\06. High-Quality Programming Code\Homework\HQC-CodeDocumentationAndComments\Telerik.Ils.Common\Documentation\Help\Working\Output\HtmlHelp1\icons\filter1a.gif
C:\Program Files (x86)\EWSoftware\Sandcastle Help File Builder\PresentationStyles\VS2005\icons\filter1c.gif -&gt; D:\Velmond\School\Telerik\06. High-Quality Programming Code\Homework\HQC-CodeDocumentationAndComments\Telerik.Ils.Common\Documentation\Help\Working\Output\HtmlHelp1\icons\filter1c.gif
C:\Program Files (x86)\EWSoftware\Sandcastle Help File Builder\PresentationStyles\VS2005\icons\footer.gif -&gt; D:\Velmond\School\Telerik\06. High-Quality Programming Code\Homework\HQC-CodeDocumentationAndComments\Telerik.Ils.Common\Documentation\Help\Working\Output\HtmlHelp1\icons\footer.gif
C:\Program Files (x86)\EWSoftware\Sandcastle Help File Builder\PresentationStyles\VS2005\icons\gradient.gif -&gt; D:\Velmond\School\Telerik\06. High-Quality Programming Code\Homework\HQC-CodeDocumentationAndComments\Telerik.Ils.Common\Documentation\Help\Working\Output\HtmlHelp1\icons\gradient.gif
C:\Program Files (x86)\EWSoftware\Sandcastle Help File Builder\PresentationStyles\VS2005\icons\greencheck.gif -&gt; D:\Velmond\School\Telerik\06. High-Quality Programming Code\Homework\HQC-CodeDocumentationAndComments\Telerik.Ils.Common\Documentation\Help\Working\Output\HtmlHelp1\icons\greencheck.gif
C:\Program Files (x86)\EWSoftware\Sandcastle Help File Builder\PresentationStyles\VS2005\icons\greychck.gif -&gt; D:\Velmond\School\Telerik\06. High-Quality Programming Code\Homework\HQC-CodeDocumentationAndComments\Telerik.Ils.Common\Documentation\Help\Working\Output\HtmlHelp1\icons\greychck.gif
C:\Program Files (x86)\EWSoftware\Sandcastle Help File Builder\PresentationStyles\VS2005\icons\header_prev_next.jpg -&gt; D:\Velmond\School\Telerik\06. High-Quality Programming Code\Homework\HQC-CodeDocumentationAndComments\Telerik.Ils.Common\Documentation\Help\Working\Output\HtmlHelp1\icons\header_prev_next.jpg
C:\Program Files (x86)\EWSoftware\Sandcastle Help File Builder\PresentationStyles\VS2005\icons\header_sql_tutorial_blank.jpg -&gt; D:\Velmond\School\Telerik\06. High-Quality Programming Code\Homework\HQC-CodeDocumentationAndComments\Telerik.Ils.Common\Documentation\Help\Working\Output\HtmlHelp1\icons\header_sql_tutorial_blank.jpg
C:\Program Files (x86)\EWSoftware\Sandcastle Help File Builder\PresentationStyles\VS2005\icons\header_sql_tutorial_logo.GIF -&gt; D:\Velmond\School\Telerik\06. High-Quality Programming Code\Homework\HQC-CodeDocumentationAndComments\Telerik.Ils.Common\Documentation\Help\Working\Output\HtmlHelp1\icons\header_sql_tutorial_logo.GIF
C:\Program Files (x86)\EWSoftware\Sandcastle Help File Builder\PresentationStyles\VS2005\icons\kw.gif -&gt; D:\Velmond\School\Telerik\06. High-Quality Programming Code\Homework\HQC-CodeDocumentationAndComments\Telerik.Ils.Common\Documentation\Help\Working\Output\HtmlHelp1\icons\kw.gif
C:\Program Files (x86)\EWSoftware\Sandcastle Help File Builder\PresentationStyles\VS2005\icons\kw_adm.gif -&gt; D:\Velmond\School\Telerik\06. High-Quality Programming Code\Homework\HQC-CodeDocumentationAndComments\Telerik.Ils.Common\Documentation\Help\Working\Output\HtmlHelp1\icons\kw_adm.gif
C:\Program Files (x86)\EWSoftware\Sandcastle Help File Builder\PresentationStyles\VS2005\icons\kw_adm_arch.gif -&gt; D:\Velmond\School\Telerik\06. High-Quality Programming Code\Homework\HQC-CodeDocumentationAndComments\Telerik.Ils.Common\Documentation\Help\Working\Output\HtmlHelp1\icons\kw_adm_arch.gif
C:\Program Files (x86)\EWSoftware\Sandcastle Help File Builder\PresentationStyles\VS2005\icons\kw_adm_dev.gif -&gt; D:\Velmond\School\Telerik\06. High-Quality Programming Code\Homework\HQC-CodeDocumentationAndComments\Telerik.Ils.Common\Documentation\Help\Working\Output\HtmlHelp1\icons\kw_adm_dev.gif
C:\Program Files (x86)\EWSoftware\Sandcastle Help File Builder\PresentationStyles\VS2005\icons\kw_adm_dev_arch.gif -&gt; D:\Velmond\School\Telerik\06. High-Quality Programming Code\Homework\HQC-CodeDocumentationAndComments\Telerik.Ils.Common\Documentation\Help\Working\Output\HtmlHelp1\icons\kw_adm_dev_arch.gif
C:\Program Files (x86)\EWSoftware\Sandcastle Help File Builder\PresentationStyles\VS2005\icons\kw_arch.gif -&gt; D:\Velmond\School\Telerik\06. High-Quality Programming Code\Homework\HQC-CodeDocumentationAndComments\Telerik.Ils.Common\Documentation\Help\Working\Output\HtmlHelp1\icons\kw_arch.gif
C:\Program Files (x86)\EWSoftware\Sandcastle Help File Builder\PresentationStyles\VS2005\icons\kw_dev.gif -&gt; D:\Velmond\School\Telerik\06. High-Quality Programming Code\Homework\HQC-CodeDocumentationAndComments\Telerik.Ils.Common\Documentation\Help\Working\Output\HtmlHelp1\icons\kw_dev.gif
C:\Program Files (x86)\EWSoftware\Sandcastle Help File Builder\PresentationStyles\VS2005\icons\kw_dev_arch.gif -&gt; D:\Velmond\School\Telerik\06. High-Quality Programming Code\Homework\HQC-CodeDocumentationAndComments\Telerik.Ils.Common\Documentation\Help\Working\Output\HtmlHelp1\icons\kw_dev_arch.gif
C:\Program Files (x86)\EWSoftware\Sandcastle Help File Builder\PresentationStyles\VS2005\icons\LastChild.gif -&gt; D:\Velmond\School\Telerik\06. High-Quality Programming Code\Homework\HQC-CodeDocumentationAndComments\Telerik.Ils.Common\Documentation\Help\Working\Output\HtmlHelp1\icons\LastChild.gif
C:\Program Files (x86)\EWSoftware\Sandcastle Help File Builder\PresentationStyles\VS2005\icons\load.gif -&gt; D:\Velmond\School\Telerik\06. High-Quality Programming Code\Homework\HQC-CodeDocumentationAndComments\Telerik.Ils.Common\Documentation\Help\Working\Output\HtmlHelp1\icons\load.gif
C:\Program Files (x86)\EWSoftware\Sandcastle Help File Builder\PresentationStyles\VS2005\icons\load_hover.gif -&gt; D:\Velmond\School\Telerik\06. High-Quality Programming Code\Homework\HQC-CodeDocumentationAndComments\Telerik.Ils.Common\Documentation\Help\Working\Output\HtmlHelp1\icons\load_hover.gif
C:\Program Files (x86)\EWSoftware\Sandcastle Help File Builder\PresentationStyles\VS2005\icons\note.gif -&gt; D:\Velmond\School\Telerik\06. High-Quality Programming Code\Homework\HQC-CodeDocumentationAndComments\Telerik.Ils.Common\Documentation\Help\Working\Output\HtmlHelp1\icons\note.gif
C:\Program Files (x86)\EWSoftware\Sandcastle Help File Builder\PresentationStyles\VS2005\icons\pencil.GIF -&gt; D:\Velmond\School\Telerik\06. High-Quality Programming Code\Homework\HQC-CodeDocumentationAndComments\Telerik.Ils.Common\Documentation\Help\Working\Output\HtmlHelp1\icons\pencil.GIF
C:\Program Files (x86)\EWSoftware\Sandcastle Help File Builder\PresentationStyles\VS2005\icons\privclass.gif -&gt; D:\Velmond\School\Telerik\06. High-Quality Programming Code\Homework\HQC-CodeDocumentationAndComments\Telerik.Ils.Common\Documentation\Help\Working\Output\HtmlHelp1\icons\privclass.gif
C:\Program Files (x86)\EWSoftware\Sandcastle Help File Builder\PresentationStyles\VS2005\icons\privdelegate.gif -&gt; D:\Velmond\School\Telerik\06. High-Quality Programming Code\Homework\HQC-CodeDocumentationAndComments\Telerik.Ils.Common\Documentation\Help\Working\Output\HtmlHelp1\icons\privdelegate.gif
C:\Program Files (x86)\EWSoftware\Sandcastle Help File Builder\PresentationStyles\VS2005\icons\privenum.gif -&gt; D:\Velmond\School\Telerik\06. High-Quality Programming Code\Homework\HQC-CodeDocumentationAndComments\Telerik.Ils.Common\Documentation\Help\Working\Output\HtmlHelp1\icons\privenum.gif
C:\Program Files (x86)\EWSoftware\Sandcastle Help File Builder\PresentationStyles\VS2005\icons\privenumeration.gif -&gt; D:\Velmond\School\Telerik\06. High-Quality Programming Code\Homework\HQC-CodeDocumentationAndComments\Telerik.Ils.Common\Documentation\Help\Working\Output\HtmlHelp1\icons\privenumeration.gif
C:\Program Files (x86)\EWSoftware\Sandcastle Help File Builder\PresentationStyles\VS2005\icons\privevent.gif -&gt; D:\Velmond\School\Telerik\06. High-Quality Programming Code\Homework\HQC-CodeDocumentationAndComments\Telerik.Ils.Common\Documentation\Help\Working\Output\HtmlHelp1\icons\privevent.gif
C:\Program Files (x86)\EWSoftware\Sandcastle Help File Builder\PresentationStyles\VS2005\icons\privextension.gif -&gt; D:\Velmond\School\Telerik\06. High-Quality Programming Code\Homework\HQC-CodeDocumentationAndComments\Telerik.Ils.Common\Documentation\Help\Working\Output\HtmlHelp1\icons\privextension.gif
C:\Program Files (x86)\EWSoftware\Sandcastle Help File Builder\PresentationStyles\VS2005\icons\privfield.gif -&gt; D:\Velmond\School\Telerik\06. High-Quality Programming Code\Homework\HQC-CodeDocumentationAndComments\Telerik.Ils.Common\Documentation\Help\Working\Output\HtmlHelp1\icons\privfield.gif
C:\Program Files (x86)\EWSoftware\Sandcastle Help File Builder\PresentationStyles\VS2005\icons\privinterface.gif -&gt; D:\Velmond\School\Telerik\06. High-Quality Programming Code\Homework\HQC-CodeDocumentationAndComments\Telerik.Ils.Common\Documentation\Help\Working\Output\HtmlHelp1\icons\privinterface.gif
C:\Program Files (x86)\EWSoftware\Sandcastle Help File Builder\PresentationStyles\VS2005\icons\privmethod.gif -&gt; D:\Velmond\School\Telerik\06. High-Quality Programming Code\Homework\HQC-CodeDocumentationAndComments\Telerik.Ils.Common\Documentation\Help\Working\Output\HtmlHelp1\icons\privmethod.gif
C:\Program Files (x86)\EWSoftware\Sandcastle Help File Builder\PresentationStyles\VS2005\icons\privproperty.gif -&gt; D:\Velmond\School\Telerik\06. High-Quality Programming Code\Homework\HQC-CodeDocumentationAndComments\Telerik.Ils.Common\Documentation\Help\Working\Output\HtmlHelp1\icons\privproperty.gif
C:\Program Files (x86)\EWSoftware\Sandcastle Help File Builder\PresentationStyles\VS2005\icons\privstructure.gif -&gt; D:\Velmond\School\Telerik\06. High-Quality Programming Code\Homework\HQC-CodeDocumentationAndComments\Telerik.Ils.Common\Documentation\Help\Working\Output\HtmlHelp1\icons\privstructure.gif
C:\Program Files (x86)\EWSoftware\Sandcastle Help File Builder\PresentationStyles\VS2005\icons\protclass.gif -&gt; D:\Velmond\School\Telerik\06. High-Quality Programming Code\Homework\HQC-CodeDocumentationAndComments\Telerik.Ils.Common\Documentation\Help\Working\Output\HtmlHelp1\icons\protclass.gif
C:\Program Files (x86)\EWSoftware\Sandcastle Help File Builder\PresentationStyles\VS2005\icons\protdelegate.gif -&gt; D:\Velmond\School\Telerik\06. High-Quality Programming Code\Homework\HQC-CodeDocumentationAndComments\Telerik.Ils.Common\Documentation\Help\Working\Output\HtmlHelp1\icons\protdelegate.gif
C:\Program Files (x86)\EWSoftware\Sandcastle Help File Builder\PresentationStyles\VS2005\icons\protenum.gif -&gt; D:\Velmond\School\Telerik\06. High-Quality Programming Code\Homework\HQC-CodeDocumentationAndComments\Telerik.Ils.Common\Documentation\Help\Working\Output\HtmlHelp1\icons\protenum.gif
C:\Program Files (x86)\EWSoftware\Sandcastle Help File Builder\PresentationStyles\VS2005\icons\protenumeration.gif -&gt; D:\Velmond\School\Telerik\06. High-Quality Programming Code\Homework\HQC-CodeDocumentationAndComments\Telerik.Ils.Common\Documentation\Help\Working\Output\HtmlHelp1\icons\protenumeration.gif
C:\Program Files (x86)\EWSoftware\Sandcastle Help File Builder\PresentationStyles\VS2005\icons\protevent.gif -&gt; D:\Velmond\School\Telerik\06. High-Quality Programming Code\Homework\HQC-CodeDocumentationAndComments\Telerik.Ils.Common\Documentation\Help\Working\Output\HtmlHelp1\icons\protevent.gif
C:\Program Files (x86)\EWSoftware\Sandcastle Help File Builder\PresentationStyles\VS2005\icons\protextension.gif -&gt; D:\Velmond\School\Telerik\06. High-Quality Programming Code\Homework\HQC-CodeDocumentationAndComments\Telerik.Ils.Common\Documentation\Help\Working\Output\HtmlHelp1\icons\protextension.gif
C:\Program Files (x86)\EWSoftware\Sandcastle Help File Builder\PresentationStyles\VS2005\icons\protfield.gif -&gt; D:\Velmond\School\Telerik\06. High-Quality Programming Code\Homework\HQC-CodeDocumentationAndComments\Telerik.Ils.Common\Documentation\Help\Working\Output\HtmlHelp1\icons\protfield.gif
C:\Program Files (x86)\EWSoftware\Sandcastle Help File Builder\PresentationStyles\VS2005\icons\protinterface.gif -&gt; D:\Velmond\School\Telerik\06. High-Quality Programming Code\Homework\HQC-CodeDocumentationAndComments\Telerik.Ils.Common\Documentation\Help\Working\Output\HtmlHelp1\icons\protinterface.gif
C:\Program Files (x86)\EWSoftware\Sandcastle Help File Builder\PresentationStyles\VS2005\icons\protmethod.gif -&gt; D:\Velmond\School\Telerik\06. High-Quality Programming Code\Homework\HQC-CodeDocumentationAndComments\Telerik.Ils.Common\Documentation\Help\Working\Output\HtmlHelp1\icons\protmethod.gif
C:\Program Files (x86)\EWSoftware\Sandcastle Help File Builder\PresentationStyles\VS2005\icons\protoperator.gif -&gt; D:\Velmond\School\Telerik\06. High-Quality Programming Code\Homework\HQC-CodeDocumentationAndComments\Telerik.Ils.Common\Documentation\Help\Working\Output\HtmlHelp1\icons\protoperator.gif
C:\Program Files (x86)\EWSoftware\Sandcastle Help File Builder\PresentationStyles\VS2005\icons\protproperty.gif -&gt; D:\Velmond\School\Telerik\06. High-Quality Programming Code\Homework\HQC-CodeDocumentationAndComments\Telerik.Ils.Common\Documentation\Help\Working\Output\HtmlHelp1\icons\protproperty.gif
C:\Program Files (x86)\EWSoftware\Sandcastle Help File Builder\PresentationStyles\VS2005\icons\protstructure.gif -&gt; D:\Velmond\School\Telerik\06. High-Quality Programming Code\Homework\HQC-CodeDocumentationAndComments\Telerik.Ils.Common\Documentation\Help\Working\Output\HtmlHelp1\icons\protstructure.gif
C:\Program Files (x86)\EWSoftware\Sandcastle Help File Builder\PresentationStyles\VS2005\icons\pubclass.gif -&gt; D:\Velmond\School\Telerik\06. High-Quality Programming Code\Homework\HQC-CodeDocumentationAndComments\Telerik.Ils.Common\Documentation\Help\Working\Output\HtmlHelp1\icons\pubclass.gif
C:\Program Files (x86)\EWSoftware\Sandcastle Help File Builder\PresentationStyles\VS2005\icons\pubdelegate.gif -&gt; D:\Velmond\School\Telerik\06. High-Quality Programming Code\Homework\HQC-CodeDocumentationAndComments\Telerik.Ils.Common\Documentation\Help\Working\Output\HtmlHelp1\icons\pubdelegate.gif
C:\Program Files (x86)\EWSoftware\Sandcastle Help File Builder\PresentationStyles\VS2005\icons\pubenum.gif -&gt; D:\Velmond\School\Telerik\06. High-Quality Programming Code\Homework\HQC-CodeDocumentationAndComments\Telerik.Ils.Common\Documentation\Help\Working\Output\HtmlHelp1\icons\pubenum.gif
C:\Program Files (x86)\EWSoftware\Sandcastle Help File Builder\PresentationStyles\VS2005\icons\pubenumeration.gif -&gt; D:\Velmond\School\Telerik\06. High-Quality Programming Code\Homework\HQC-CodeDocumentationAndComments\Telerik.Ils.Common\Documentation\Help\Working\Output\HtmlHelp1\icons\pubenumeration.gif
C:\Program Files (x86)\EWSoftware\Sandcastle Help File Builder\PresentationStyles\VS2005\icons\pubevent.gif -&gt; D:\Velmond\School\Telerik\06. High-Quality Programming Code\Homework\HQC-CodeDocumentationAndComments\Telerik.Ils.Common\Documentation\Help\Working\Output\HtmlHelp1\icons\pubevent.gif
C:\Program Files (x86)\EWSoftware\Sandcastle Help File Builder\PresentationStyles\VS2005\icons\pubextension.gif -&gt; D:\Velmond\School\Telerik\06. High-Quality Programming Code\Homework\HQC-CodeDocumentationAndComments\Telerik.Ils.Common\Documentation\Help\Working\Output\HtmlHelp1\icons\pubextension.gif
C:\Program Files (x86)\EWSoftware\Sandcastle Help File Builder\PresentationStyles\VS2005\icons\pubfield.gif -&gt; D:\Velmond\School\Telerik\06. High-Quality Programming Code\Homework\HQC-CodeDocumentationAndComments\Telerik.Ils.Common\Documentation\Help\Working\Output\HtmlHelp1\icons\pubfield.gif
C:\Program Files (x86)\EWSoftware\Sandcastle Help File Builder\PresentationStyles\VS2005\icons\pubinterface.gif -&gt; D:\Velmond\School\Telerik\06. High-Quality Programming Code\Homework\HQC-CodeDocumentationAndComments\Telerik.Ils.Common\Documentation\Help\Working\Output\HtmlHelp1\icons\pubinterface.gif
C:\Program Files (x86)\EWSoftware\Sandcastle Help File Builder\PresentationStyles\VS2005\icons\pubmethod.gif -&gt; D:\Velmond\School\Telerik\06. High-Quality Programming Code\Homework\HQC-CodeDocumentationAndComments\Telerik.Ils.Common\Documentation\Help\Working\Output\HtmlHelp1\icons\pubmethod.gif
C:\Program Files (x86)\EWSoftware\Sandcastle Help File Builder\PresentationStyles\VS2005\icons\puboperator.gif -&gt; D:\Velmond\School\Telerik\06. High-Quality Programming Code\Homework\HQC-CodeDocumentationAndComments\Telerik.Ils.Common\Documentation\Help\Working\Output\HtmlHelp1\icons\puboperator.gif
C:\Program Files (x86)\EWSoftware\Sandcastle Help File Builder\PresentationStyles\VS2005\icons\pubproperty.gif -&gt; D:\Velmond\School\Telerik\06. High-Quality Programming Code\Homework\HQC-CodeDocumentationAndComments\Telerik.Ils.Common\Documentation\Help\Working\Output\HtmlHelp1\icons\pubproperty.gif
C:\Program Files (x86)\EWSoftware\Sandcastle Help File Builder\PresentationStyles\VS2005\icons\pubstructure.gif -&gt; D:\Velmond\School\Telerik\06. High-Quality Programming Code\Homework\HQC-CodeDocumentationAndComments\Telerik.Ils.Common\Documentation\Help\Working\Output\HtmlHelp1\icons\pubstructure.gif
C:\Program Files (x86)\EWSoftware\Sandcastle Help File Builder\PresentationStyles\VS2005\icons\requirements1a.gif -&gt; D:\Velmond\School\Telerik\06. High-Quality Programming Code\Homework\HQC-CodeDocumentationAndComments\Telerik.Ils.Common\Documentation\Help\Working\Output\HtmlHelp1\icons\requirements1a.gif
C:\Program Files (x86)\EWSoftware\Sandcastle Help File Builder\PresentationStyles\VS2005\icons\requirements1c.gif -&gt; D:\Velmond\School\Telerik\06. High-Quality Programming Code\Homework\HQC-CodeDocumentationAndComments\Telerik.Ils.Common\Documentation\Help\Working\Output\HtmlHelp1\icons\requirements1c.gif
C:\Program Files (x86)\EWSoftware\Sandcastle Help File Builder\PresentationStyles\VS2005\icons\save.gif -&gt; D:\Velmond\School\Telerik\06. High-Quality Programming Code\Homework\HQC-CodeDocumentationAndComments\Telerik.Ils.Common\Documentation\Help\Working\Output\HtmlHelp1\icons\save.gif
C:\Program Files (x86)\EWSoftware\Sandcastle Help File Builder\PresentationStyles\VS2005\icons\save_hover.gif -&gt; D:\Velmond\School\Telerik\06. High-Quality Programming Code\Homework\HQC-CodeDocumentationAndComments\Telerik.Ils.Common\Documentation\Help\Working\Output\HtmlHelp1\icons\save_hover.gif
C:\Program Files (x86)\EWSoftware\Sandcastle Help File Builder\PresentationStyles\VS2005\icons\security.gif -&gt; D:\Velmond\School\Telerik\06. High-Quality Programming Code\Homework\HQC-CodeDocumentationAndComments\Telerik.Ils.Common\Documentation\Help\Working\Output\HtmlHelp1\icons\security.gif
C:\Program Files (x86)\EWSoftware\Sandcastle Help File Builder\PresentationStyles\VS2005\icons\seealso1a.gif -&gt; D:\Velmond\School\Telerik\06. High-Quality Programming Code\Homework\HQC-CodeDocumentationAndComments\Telerik.Ils.Common\Documentation\Help\Working\Output\HtmlHelp1\icons\seealso1a.gif
C:\Program Files (x86)\EWSoftware\Sandcastle Help File Builder\PresentationStyles\VS2005\icons\seealso1c.gif -&gt; D:\Velmond\School\Telerik\06. High-Quality Programming Code\Homework\HQC-CodeDocumentationAndComments\Telerik.Ils.Common\Documentation\Help\Working\Output\HtmlHelp1\icons\seealso1c.gif
C:\Program Files (x86)\EWSoftware\Sandcastle Help File Builder\PresentationStyles\VS2005\icons\slMobile.gif -&gt; D:\Velmond\School\Telerik\06. High-Quality Programming Code\Homework\HQC-CodeDocumentationAndComments\Telerik.Ils.Common\Documentation\Help\Working\Output\HtmlHelp1\icons\slMobile.gif
C:\Program Files (x86)\EWSoftware\Sandcastle Help File Builder\PresentationStyles\VS2005\icons\static.gif -&gt; D:\Velmond\School\Telerik\06. High-Quality Programming Code\Homework\HQC-CodeDocumentationAndComments\Telerik.Ils.Common\Documentation\Help\Working\Output\HtmlHelp1\icons\static.gif
C:\Program Files (x86)\EWSoftware\Sandcastle Help File Builder\PresentationStyles\VS2005\icons\xna.gif -&gt; D:\Velmond\School\Telerik\06. High-Quality Programming Code\Homework\HQC-CodeDocumentationAndComments\Telerik.Ils.Common\Documentation\Help\Working\Output\HtmlHelp1\icons\xna.gif
C:\Program Files (x86)\EWSoftware\Sandcastle Help File Builder\PresentationStyles\VS2005\scripts\CheckboxMenu.js -&gt; D:\Velmond\School\Telerik\06. High-Quality Programming Code\Homework\HQC-CodeDocumentationAndComments\Telerik.Ils.Common\Documentation\Help\Working\Output\HtmlHelp1\scripts\CheckboxMenu.js
C:\Program Files (x86)\EWSoftware\Sandcastle Help File Builder\PresentationStyles\VS2005\scripts\CommonUtilities.js -&gt; D:\Velmond\School\Telerik\06. High-Quality Programming Code\Homework\HQC-CodeDocumentationAndComments\Telerik.Ils.Common\Documentation\Help\Working\Output\HtmlHelp1\scripts\CommonUtilities.js
C:\Program Files (x86)\EWSoftware\Sandcastle Help File Builder\PresentationStyles\VS2005\scripts\Dropdown.js -&gt; D:\Velmond\School\Telerik\06. High-Quality Programming Code\Homework\HQC-CodeDocumentationAndComments\Telerik.Ils.Common\Documentation\Help\Working\Output\HtmlHelp1\scripts\Dropdown.js
C:\Program Files (x86)\EWSoftware\Sandcastle Help File Builder\PresentationStyles\VS2005\scripts\EventUtilities.js -&gt; D:\Velmond\School\Telerik\06. High-Quality Programming Code\Homework\HQC-CodeDocumentationAndComments\Telerik.Ils.Common\Documentation\Help\Working\Output\HtmlHelp1\scripts\EventUtilities.js
C:\Program Files (x86)\EWSoftware\Sandcastle Help File Builder\PresentationStyles\VS2005\scripts\script_feedBack.js -&gt; D:\Velmond\School\Telerik\06. High-Quality Programming Code\Homework\HQC-CodeDocumentationAndComments\Telerik.Ils.Common\Documentation\Help\Working\Output\HtmlHelp1\scripts\script_feedBack.js
C:\Program Files (x86)\EWSoftware\Sandcastle Help File Builder\PresentationStyles\VS2005\scripts\script_manifold.js -&gt; D:\Velmond\School\Telerik\06. High-Quality Programming Code\Homework\HQC-CodeDocumentationAndComments\Telerik.Ils.Common\Documentation\Help\Working\Output\HtmlHelp1\scripts\script_manifold.js
C:\Program Files (x86)\EWSoftware\Sandcastle Help File Builder\PresentationStyles\VS2005\scripts\SplitScreen.js -&gt; D:\Velmond\School\Telerik\06. High-Quality Programming Code\Homework\HQC-CodeDocumentationAndComments\Telerik.Ils.Common\Documentation\Help\Working\Output\HtmlHelp1\scripts\SplitScreen.js
C:\Program Files (x86)\EWSoftware\Sandcastle Help File Builder\PresentationStyles\VS2005\styles\Presentation.css -&gt; D:\Velmond\School\Telerik\06. High-Quality Programming Code\Homework\HQC-CodeDocumentationAndComments\Telerik.Ils.Common\Documentation\Help\Working\Output\HtmlHelp1\styles\Presentation.css
    Last step completed in 00:00:01.9721
</buildStep>
<buildStep step="GenerateHelpFormatTableOfContents">
Generating HTML Help 1 table of contents file...
    Last step completed in 00:00:00.0050
</buildStep>
<buildStep step="GenerateHelpFileIndex">
Generating HTML Help 1 index file...
    Last step completed in 00:00:00.0060
</buildStep>
<buildStep step="GenerateHelpProject">
Generating HTML Help 1 project file...
    Last step completed in 00:00:00.0180
</buildStep>
<buildStep step="CompilingHelpFile">
Compiling HTML Help 1 file...
[C:\Windows\Microsoft.NET\Framework64\v4.0.30319\MSBuild.exe]
  Microsoft HTML Help Compiler 4.74.8702
  
  
  
  Compiling d:\Velmond\School\Telerik\06. High-Quality Programming Code\Homework\HQC-CodeDocumentationAndComments\Telerik.Ils.Common\Documentation\Help\Working\Output\HtmlHelp1\Documentation.chm
  
  
  
  
  
  Compile time: 0 minutes, 3 seconds
  
  7	Topics
  
  50	Local links
  
  0	Internet links
  
  0	Graphics
  
  
  
  
  
  Created d:\Velmond\School\Telerik\06. High-Quality Programming Code\Homework\HQC-CodeDocumentationAndComments\Telerik.Ils.Common\Documentation\Help\Working\Output\HtmlHelp1\Documentation.chm, 87,235 bytes
  
  Compression decreased file by 134,044 bytes.
  
    Last step completed in 00:00:04.8563
</buildStep>
<buildStep step="CleanIntermediates">
Removing intermediate files...
    Last step completed in 00:00:00.1340
</buildStep>
<buildStep step="Completed">

Build completed successfully at 05.19.2014 04:27 .  Total time: 00:01:24,8579

</buildStep>
</shfbBuild>
